<?xml version="1.0" encoding="UTF-8"?>
<testng-results ignored="0" total="1" passed="1" failed="0" skipped="0">
  <reporter-output>
    <line>
      <![CDATA[Hello]]>
    </line>
  </reporter-output>
  <suite started-at="2021-01-12T20:28:54 IST" name="Default suite" finished-at="2021-01-12T20:28:54 IST" duration-ms="73">
    <groups>
    </groups>
    <test started-at="2021-01-12T20:28:54 IST" name="Default test" finished-at="2021-01-12T20:28:54 IST" duration-ms="73">
      <class name="Collection.Mohit">
        <test-method signature="test()[pri:0, instance:Collection.Mohit@4278a03f]" started-at="2021-01-12T20:28:54 IST" name="test" finished-at="2021-01-12T20:28:54 IST" duration-ms="14" status="PASS">
          <reporter-output>
            <line>
              <![CDATA[Hello]]>
            </line>
          </reporter-output>
        </test-method> <!-- test -->
      </class> <!-- Collection.Mohit -->
    </test> <!-- Default test -->
  </suite> <!-- Default suite -->
</testng-results>
